  MockLabExam.cpp
C:\Users\juspa\Documents\projects\school\c++\MockLabExam\MockLabExam\MockLabExam\BinarySearchTree.h(38,24): warning C4661: 'BST<int>::~BST(void)': no suitable definition provided for explicit template instantiation request
C:\Users\juspa\Documents\projects\school\c++\MockLabExam\MockLabExam\MockLabExam\BinarySearchTree.h(26,3): message : see declaration of 'BST<int>::~BST'
C:\Users\juspa\Documents\projects\school\c++\MockLabExam\MockLabExam\MockLabExam\BinarySearchTree.h(38,24): warning C4661: 'void BST<int>::Insert(T)': no suitable definition provided for explicit template instantiation request
          with
          [
              T=int
          ]
C:\Users\juspa\Documents\projects\school\c++\MockLabExam\MockLabExam\MockLabExam\BinarySearchTree.h(27,7): message : see declaration of 'BST<int>::Insert'
C:\Users\juspa\Documents\projects\school\c++\MockLabExam\MockLabExam\MockLabExam\BinarySearchTree.h(38,24): warning C4661: 'void BST<int>::RecInsert(T,Node<T> *)': no suitable definition provided for explicit template instantiation request
          with
          [
              T=int
          ]
C:\Users\juspa\Documents\projects\school\c++\MockLabExam\MockLabExam\MockLabExam\BinarySearchTree.h(28,7): message : see declaration of 'BST<int>::RecInsert'
C:\Users\juspa\Documents\projects\school\c++\MockLabExam\MockLabExam\MockLabExam\BinarySearchTree.h(38,24): warning C4661: 'void BST<int>::Traverse(void)': no suitable definition provided for explicit template instantiation request
C:\Users\juspa\Documents\projects\school\c++\MockLabExam\MockLabExam\MockLabExam\BinarySearchTree.h(29,7): message : see declaration of 'BST<int>::Traverse'
C:\Users\juspa\Documents\projects\school\c++\MockLabExam\MockLabExam\MockLabExam\BinarySearchTree.h(38,24): warning C4661: 'void BST<int>::RecTraverse(Node<T> *)': no suitable definition provided for explicit template instantiation request
          with
          [
              T=int
          ]
C:\Users\juspa\Documents\projects\school\c++\MockLabExam\MockLabExam\MockLabExam\BinarySearchTree.h(30,7): message : see declaration of 'BST<int>::RecTraverse'
C:\Users\juspa\Documents\projects\school\c++\MockLabExam\MockLabExam\MockLabExam\BinarySearchTree.h(38,24): warning C4661: 'Node<T> *BST<T>::Remove(T,Node<T> *)': no suitable definition provided for explicit template instantiation request
          with
          [
              T=int
          ]
C:\Users\juspa\Documents\projects\school\c++\MockLabExam\MockLabExam\MockLabExam\BinarySearchTree.h(31,11): message : see declaration of 'BST<int>::Remove'
C:\Users\juspa\Documents\projects\school\c++\MockLabExam\MockLabExam\MockLabExam\BinarySearchTree.h(38,24): warning C4661: 'Node<T> *BST<T>::MinValueNode(Node<T> *)': no suitable definition provided for explicit template instantiation request
          with
          [
              T=int
          ]
C:\Users\juspa\Documents\projects\school\c++\MockLabExam\MockLabExam\MockLabExam\BinarySearchTree.h(32,11): message : see declaration of 'BST<int>::MinValueNode'
C:\Users\juspa\Documents\projects\school\c++\MockLabExam\MockLabExam\MockLabExam\BinarySearchTree.h(39,27): warning C4661: 'BST<double>::~BST(void)': no suitable definition provided for explicit template instantiation request
C:\Users\juspa\Documents\projects\school\c++\MockLabExam\MockLabExam\MockLabExam\BinarySearchTree.h(26,3): message : see declaration of 'BST<double>::~BST'
C:\Users\juspa\Documents\projects\school\c++\MockLabExam\MockLabExam\MockLabExam\BinarySearchTree.h(39,27): warning C4661: 'void BST<double>::Insert(T)': no suitable definition provided for explicit template instantiation request
          with
          [
              T=double
          ]
C:\Users\juspa\Documents\projects\school\c++\MockLabExam\MockLabExam\MockLabExam\BinarySearchTree.h(27,7): message : see declaration of 'BST<double>::Insert'
C:\Users\juspa\Documents\projects\school\c++\MockLabExam\MockLabExam\MockLabExam\BinarySearchTree.h(39,27): warning C4661: 'void BST<double>::RecInsert(T,Node<T> *)': no suitable definition provided for explicit template instantiation request
          with
          [
              T=double
          ]
C:\Users\juspa\Documents\projects\school\c++\MockLabExam\MockLabExam\MockLabExam\BinarySearchTree.h(28,7): message : see declaration of 'BST<double>::RecInsert'
C:\Users\juspa\Documents\projects\school\c++\MockLabExam\MockLabExam\MockLabExam\BinarySearchTree.h(39,27): warning C4661: 'void BST<double>::Traverse(void)': no suitable definition provided for explicit template instantiation request
C:\Users\juspa\Documents\projects\school\c++\MockLabExam\MockLabExam\MockLabExam\BinarySearchTree.h(29,7): message : see declaration of 'BST<double>::Traverse'
C:\Users\juspa\Documents\projects\school\c++\MockLabExam\MockLabExam\MockLabExam\BinarySearchTree.h(39,27): warning C4661: 'void BST<double>::RecTraverse(Node<T> *)': no suitable definition provided for explicit template instantiation request
          with
          [
              T=double
          ]
C:\Users\juspa\Documents\projects\school\c++\MockLabExam\MockLabExam\MockLabExam\BinarySearchTree.h(30,7): message : see declaration of 'BST<double>::RecTraverse'
C:\Users\juspa\Documents\projects\school\c++\MockLabExam\MockLabExam\MockLabExam\BinarySearchTree.h(39,27): warning C4661: 'Node<T> *BST<T>::Remove(T,Node<T> *)': no suitable definition provided for explicit template instantiation request
          with
          [
              T=double
          ]
C:\Users\juspa\Documents\projects\school\c++\MockLabExam\MockLabExam\MockLabExam\BinarySearchTree.h(31,11): message : see declaration of 'BST<double>::Remove'
C:\Users\juspa\Documents\projects\school\c++\MockLabExam\MockLabExam\MockLabExam\BinarySearchTree.h(39,27): warning C4661: 'Node<T> *BST<T>::MinValueNode(Node<T> *)': no suitable definition provided for explicit template instantiation request
          with
          [
              T=double
          ]
C:\Users\juspa\Documents\projects\school\c++\MockLabExam\MockLabExam\MockLabExam\BinarySearchTree.h(32,11): message : see declaration of 'BST<double>::MinValueNode'
C:\Users\juspa\Documents\projects\school\c++\MockLabExam\MockLabExam\MockLabExam\BinarySearchTree.h(40,26): warning C4661: 'BST<char *>::~BST(void)': no suitable definition provided for explicit template instantiation request
C:\Users\juspa\Documents\projects\school\c++\MockLabExam\MockLabExam\MockLabExam\BinarySearchTree.h(26,3): message : see declaration of 'BST<char *>::~BST'
C:\Users\juspa\Documents\projects\school\c++\MockLabExam\MockLabExam\MockLabExam\BinarySearchTree.h(40,26): warning C4661: 'void BST<char *>::Insert(T)': no suitable definition provided for explicit template instantiation request
          with
          [
              T=char *
          ]
C:\Users\juspa\Documents\projects\school\c++\MockLabExam\MockLabExam\MockLabExam\BinarySearchTree.h(27,7): message : see declaration of 'BST<char *>::Insert'
C:\Users\juspa\Documents\projects\school\c++\MockLabExam\MockLabExam\MockLabExam\BinarySearchTree.h(40,26): warning C4661: 'void BST<char *>::RecInsert(T,Node<T> *)': no suitable definition provided for explicit template instantiation request
          with
          [
              T=char *
          ]
C:\Users\juspa\Documents\projects\school\c++\MockLabExam\MockLabExam\MockLabExam\BinarySearchTree.h(28,7): message : see declaration of 'BST<char *>::RecInsert'
C:\Users\juspa\Documents\projects\school\c++\MockLabExam\MockLabExam\MockLabExam\BinarySearchTree.h(40,26): warning C4661: 'void BST<char *>::Traverse(void)': no suitable definition provided for explicit template instantiation request
C:\Users\juspa\Documents\projects\school\c++\MockLabExam\MockLabExam\MockLabExam\BinarySearchTree.h(29,7): message : see declaration of 'BST<char *>::Traverse'
C:\Users\juspa\Documents\projects\school\c++\MockLabExam\MockLabExam\MockLabExam\BinarySearchTree.h(40,26): warning C4661: 'void BST<char *>::RecTraverse(Node<T> *)': no suitable definition provided for explicit template instantiation request
          with
          [
              T=char *
          ]
C:\Users\juspa\Documents\projects\school\c++\MockLabExam\MockLabExam\MockLabExam\BinarySearchTree.h(30,7): message : see declaration of 'BST<char *>::RecTraverse'
C:\Users\juspa\Documents\projects\school\c++\MockLabExam\MockLabExam\MockLabExam\BinarySearchTree.h(40,26): warning C4661: 'Node<T> *BST<T>::Remove(T,Node<T> *)': no suitable definition provided for explicit template instantiation request
          with
          [
              T=char *
          ]
C:\Users\juspa\Documents\projects\school\c++\MockLabExam\MockLabExam\MockLabExam\BinarySearchTree.h(31,11): message : see declaration of 'BST<char *>::Remove'
C:\Users\juspa\Documents\projects\school\c++\MockLabExam\MockLabExam\MockLabExam\BinarySearchTree.h(40,26): warning C4661: 'Node<T> *BST<T>::MinValueNode(Node<T> *)': no suitable definition provided for explicit template instantiation request
          with
          [
              T=char *
          ]
C:\Users\juspa\Documents\projects\school\c++\MockLabExam\MockLabExam\MockLabExam\BinarySearchTree.h(32,11): message : see declaration of 'BST<char *>::MinValueNode'
  BinarySearchTree.cpp
  Generating Code...
  MockLabExam.vcxproj -> C:\Users\juspa\Documents\projects\school\c++\MockLabExam\MockLabExam\x64\Debug\MockLabExam.exe
